[debug] [2025-05-07T05:53:46.202Z] ----------------------------------------------------------------------
[debug] [2025-05-07T05:53:46.207Z] Command:       C:\Program Files\nodejs\node.exe C:\Users\STUDENT\AppData\Roaming\npm\node_modules\firebase-tools\lib\bin\firebase.js init functions
[debug] [2025-05-07T05:53:46.208Z] CLI Version:   14.2.2
[debug] [2025-05-07T05:53:46.208Z] Platform:      win32
[debug] [2025-05-07T05:53:46.208Z] Node Version:  v20.18.0
[debug] [2025-05-07T05:53:46.208Z] Time:          Wed May 07 2025 08:53:46 GMT+0300 (Eastern European Summer Time)
[debug] [2025-05-07T05:53:46.208Z] ----------------------------------------------------------------------
[debug] 
[debug] [2025-05-07T05:53:46.212Z] >>> [apiv2][query] GET https://firebase-public.firebaseio.com/cli.json [none]
[debug] [2025-05-07T05:53:46.622Z] > command requires scopes: ["email","openid","https://www.googleapis.com/auth/cloudplatformprojects.readonly","https://www.googleapis.com/auth/firebase","https://www.googleapis.com/auth/cloud-platform"]
[debug] [2025-05-07T05:53:46.622Z] > authorizing via signed-in user (cojanalexia8@gmail.com)
[info] 
     ######## #### ########  ######## ########     ###     ######  ########
     ##        ##  ##     ## ##       ##     ##  ##   ##  ##       ##
     ######    ##  ########  ######   ########  #########  ######  ######
     ##        ##  ##    ##  ##       ##     ## ##     ##       ## ##
     ##       #### ##     ## ######## ########  ##     ##  ######  ########

You're about to initialize a Firebase project in this directory:

  D:\ReactNative\licenta-budget-app

Before we get started, keep in mind:

  * You are initializing within an existing Firebase project directory

[debug] [2025-05-07T05:53:46.649Z] *** [apiv2] error from fetch(https://firebase-public.firebaseio.com/cli.json, {"headers":{},"method":"GET"}): FetchError: request to https://firebase-public.firebaseio.com/cli.json failed, reason: getaddrinfo ENOTFOUND firebase-public.firebaseio.com
[warn] !  Unable to fetch the CLI MOTD and remote config. This is not a fatal error, but may indicate an issue with your network connection. 
[debug] [2025-05-07T05:53:46.650Z] Failed to fetch MOTD FirebaseError: Failed to make request to https://firebase-public.firebaseio.com/cli.json
[info] 
=== Project Setup
[info] 
[info] First, let's associate this project directory with a Firebase project.
[info] You can create multiple project aliases by running firebase use --add, 
[info] but for now we'll just set up a default project.
[info] 
[debug] [2025-05-07T05:53:56.919Z] Using project from CLI flag: licenta-cf752
[debug] [2025-05-07T05:53:56.920Z] Checked if tokens are valid: false, expires at: 1746350146733
[debug] [2025-05-07T05:53:56.920Z] Checked if tokens are valid: false, expires at: 1746350146733
[debug] [2025-05-07T05:53:56.921Z] > refreshing access token with scopes: []
[debug] [2025-05-07T05:53:56.922Z] >>> [apiv2][query] POST https://www.googleapis.com/oauth2/v3/token [none]
[debug] [2025-05-07T05:53:56.922Z] >>> [apiv2][body] POST https://www.googleapis.com/oauth2/v3/token [omitted]
[debug] [2025-05-07T05:53:56.928Z] *** [apiv2] error from fetch(https://www.googleapis.com/oauth2/v3/token, {"headers":{},"method":"POST","body":{"_overheadLength":545,"_valueLength":212,"_valuesToMeasure":[],"writable":false,"readable":true,"dataSize":0,"maxDataSize":2097152,"pauseStreams":true,"_released":true,"_streams":[],"_currentStream":null,"_insideLoop":false,"_pendingNext":false,"_boundary":"--------------------------908026137027308441543747","_events":{},"_eventsCount":1}}): FetchError: request to https://www.googleapis.com/oauth2/v3/token failed, reason: getaddrinfo ENOTFOUND www.googleapis.com
[error] Authentication Error: Your credentials are no longer valid. Please run firebase login --reauth

For CI servers and headless environments, generate a new token with firebase login:ci
[debug] [2025-05-07T05:53:56.930Z] Authentication Error: Your credentials are no longer valid. Please run firebase login --reauth

For CI servers and headless environments, generate a new token with firebase login:ci
[debug] [2025-05-07T05:53:56.937Z] FirebaseError: Authentication Error: Your credentials are no longer valid. Please run firebase login --reauth

For CI servers and headless environments, generate a new token with firebase login:ci
    at invalidCredentialError (C:\Users\STUDENT\AppData\Roaming\npm\node_modules\firebase-tools\lib\auth.js:147:12)
    at refreshTokens (C:\Users\STUDENT\AppData\Roaming\npm\node_modules\firebase-tools\lib\auth.js:539:15)
    at process.processTicksAndRejections (node:internal/process/task_queues:95:5)
    at async getAccessToken (C:\Users\STUDENT\AppData\Roaming\npm\node_modules\firebase-tools\lib\apiv2.js:42:18)
    at async Client.addAuthHeader (C:\Users\STUDENT\AppData\Roaming\npm\node_modules\firebase-tools\lib\apiv2.js:169:21)
    at async Client.request (C:\Users\STUDENT\AppData\Roaming\npm\node_modules\firebase-tools\lib\apiv2.js:120:34)
    at async getFirebaseProject (C:\Users\STUDENT\AppData\Roaming\npm\node_modules\firebase-tools\lib\management\projects.js:322:21)
    at async doSetup (C:\Users\STUDENT\AppData\Roaming\npm\node_modules\firebase-tools\lib\init\features\project.js:86:27)
    at async init (C:\Users\STUDENT\AppData\Roaming\npm\node_modules\firebase-tools\lib\init\index.js:41:9)
[error] 
[error] Error: Failed to get Firebase project licenta-cf752. Please make sure the project exists and your account has permission to access it.
[debug] [2025-05-07T05:55:23.976Z] ----------------------------------------------------------------------
[debug] [2025-05-07T05:55:23.981Z] Command:       C:\Program Files\nodejs\node.exe C:\Users\STUDENT\AppData\Roaming\npm\node_modules\firebase-tools\lib\bin\firebase.js login --reauth
[debug] [2025-05-07T05:55:23.981Z] CLI Version:   14.2.2
[debug] [2025-05-07T05:55:23.982Z] Platform:      win32
[debug] [2025-05-07T05:55:23.982Z] Node Version:  v20.18.0
[debug] [2025-05-07T05:55:23.982Z] Time:          Wed May 07 2025 08:55:23 GMT+0300 (Eastern European Summer Time)
[debug] [2025-05-07T05:55:23.982Z] ----------------------------------------------------------------------
[debug] 
[debug] [2025-05-07T05:55:23.986Z] >>> [apiv2][query] GET https://firebase-public.firebaseio.com/cli.json [none]
[info] 
[info] Visit this URL on this device to log in:
[info] https://accounts.google.com/o/oauth2/auth?client_id=563584335869-fgrhgmd47bqnekij5i8b5pr03ho849e6.apps.googleusercontent.com&scope=email%20openid%20https%3A%2F%2Fwww.googleapis.com%2Fauth%2Fcloudplatformprojects.readonly%20https%3A%2F%2Fwww.googleapis.com%2Fauth%2Ffirebase%20https%3A%2F%2Fwww.googleapis.com%2Fauth%2Fcloud-platform&response_type=code&state=195079982&redirect_uri=http%3A%2F%2Flocalhost%3A9005&login_hint=cojanalexia8%40gmail.com
[info] 
[info] Waiting for authentication...
[debug] [2025-05-07T05:55:24.455Z] Unable to open URL: Error: spawn UNKNOWN
    at ChildProcess.spawn (node:internal/child_process:421:11)
    at Object.spawn (node:child_process:762:9)
    at module.exports (C:\Users\STUDENT\AppData\Roaming\npm\node_modules\firebase-tools\node_modules\open\index.js:114:34)
    at open (C:\Users\STUDENT\AppData\Roaming\npm\node_modules\firebase-tools\lib\auth.js:136:5)
    at Server.<anonymous> (C:\Users\STUDENT\AppData\Roaming\npm\node_modules\firebase-tools\lib\auth.js:371:13)
    at Object.onceWrapper (node:events:633:28)
    at Server.emit (node:events:531:35)
    at Server.emit (node:domain:488:12)
    at emitListeningNT (node:net:1947:10)
    at process.processTicksAndRejections (node:internal/process/task_queues:81:21)
[debug] [2025-05-07T05:55:26.046Z] <<< [apiv2][status] GET https://firebase-public.firebaseio.com/cli.json 200
[debug] [2025-05-07T05:55:26.046Z] <<< [apiv2][body] GET https://firebase-public.firebaseio.com/cli.json {"cloudBuildErrorAfter":1594252800000,"cloudBuildWarnAfter":1590019200000,"defaultNode10After":1594252800000,"minVersion":"3.0.5","node8DeploysDisabledAfter":1613390400000,"node8RuntimeDisabledAfter":1615809600000,"node8WarnAfter":1600128000000}
